

Started GET "/" for ::1 at 2015-04-02 12:21:14 +0800
Processing by Rails::WelcomeController#index as HTML
  Rendered /Users/09931112i1/.rvm/gems/ruby-2.1.5/gems/railties-4.2.0/lib/rails/templates/rails/welcome/index.html.erb (2.6ms)
Completed 200 OK in 27ms (Views: 14.8ms | ActiveRecord: 0.0ms)
  [1m[36m (1.4ms)[0m  [1mCREATE TABLE "schema_migrations" ("version" varchar NOT NULL) [0m
  [1m[35m (0.5ms)[0m  select sqlite_version(*)
  [1m[36m (1.1ms)[0m  [1mCREATE UNIQUE INDEX "unique_schema_migrations" ON "schema_migrations" ("version")[0m
  [1m[35mActiveRecord::SchemaMigration Load (0.1ms)[0m  SELECT "schema_migrations".* FROM "schema_migrations"
Migrating to CreateTopics (20150402042219)
  [1m[36m (0.1ms)[0m  [1mbegin transaction[0m
  [1m[35m (0.8ms)[0m  CREATE TABLE "topics" ("id" INTEGER PRIMARY KEY AUTOINCREMENT NOT NULL, "title" varchar, "description" text, "created_at" datetime NOT NULL, "updated_at" datetime NOT NULL) 
  [1m[36mSQL (0.5ms)[0m  [1mINSERT INTO "schema_migrations" ("version") VALUES (?)[0m  [["version", "20150402042219"]]
  [1m[35m (1.0ms)[0m  commit transaction
  [1m[36mActiveRecord::SchemaMigration Load (0.1ms)[0m  [1mSELECT "schema_migrations".* FROM "schema_migrations"[0m


Started GET "/topics" for ::1 at 2015-04-02 12:22:57 +0800
  [1m[36mActiveRecord::SchemaMigration Load (0.5ms)[0m  [1mSELECT "schema_migrations".* FROM "schema_migrations"[0m
Processing by TopicsController#index as HTML
  [1m[35mTopic Load (0.5ms)[0m  SELECT "topics".* FROM "topics"
  Rendered topics/index.html.erb within layouts/application (4.6ms)
Completed 200 OK in 2279ms (Views: 2262.6ms | ActiveRecord: 0.5ms)


Started GET "/assets/topics-64e62ddc273c2f5847f30d698ca14b67.css?body=1" for ::1 at 2015-04-02 12:23:00 +0800


Started GET "/assets/jquery-87424c3c19e96d4fb033c10ebe21ec40.js?body=1" for ::1 at 2015-04-02 12:23:00 +0800


Started GET "/topics/new" for ::1 at 2015-04-02 12:23:02 +0800
Processing by TopicsController#new as HTML
  Rendered topics/_form.html.erb (47.9ms)
  Rendered topics/new.html.erb within layouts/application (54.4ms)
Completed 200 OK in 137ms (Views: 123.0ms | ActiveRecord: 0.5ms)


Started GET "/topics" for ::1 at 2015-04-02 12:23:25 +0800
Processing by TopicsController#index as HTML
  [1m[36mTopic Load (0.2ms)[0m  [1mSELECT "topics".* FROM "topics"[0m
  Rendered topics/index.html.erb within layouts/application (2.1ms)
Completed 200 OK in 82ms (Views: 80.0ms | ActiveRecord: 0.2ms)


Started GET "/topics/new" for ::1 at 2015-04-02 12:23:38 +0800
Processing by TopicsController#new as HTML
  Rendered topics/_form.html.erb (18.0ms)
  Rendered topics/new.html.erb within layouts/application (20.8ms)
Completed 200 OK in 179ms (Views: 177.1ms | ActiveRecord: 0.0ms)


Started POST "/topics" for ::1 at 2015-04-02 12:24:03 +0800
Processing by TopicsController#create as HTML
  Parameters: {"utf8"=>"✓", "authenticity_token"=>"6kBczfrmHP0RE1ZEPs1IF/OEkJhC/tsq/Ezw3KcGupB/RZJ82fGipU5U1L+7FjfOvIJhyssbAyEkxEvR4ij4BA==", "topic"=>{"title"=>"顆顆", "description"=>"顆顆顆"}, "commit"=>"Create Topic"}
  [1m[35m (2.1ms)[0m  begin transaction
  [1m[36mSQL (4.8ms)[0m  [1mINSERT INTO "topics" ("title", "description", "created_at", "updated_at") VALUES (?, ?, ?, ?)[0m  [["title", "顆顆"], ["description", "顆顆顆"], ["created_at", "2015-04-02 04:24:03.186264"], ["updated_at", "2015-04-02 04:24:03.186264"]]
  [1m[35m (1.4ms)[0m  commit transaction
Redirected to http://localhost:3000/topics/1
Completed 302 Found in 99ms (ActiveRecord: 8.4ms)


Started GET "/topics/1" for ::1 at 2015-04-02 12:24:03 +0800
Processing by TopicsController#show as HTML
  Parameters: {"id"=>"1"}
  [1m[36mTopic Load (0.3ms)[0m  [1mSELECT  "topics".* FROM "topics" WHERE "topics"."id" = ? LIMIT 1[0m  [["id", 1]]
  Rendered topics/show.html.erb within layouts/application (2.7ms)
Completed 200 OK in 189ms (Views: 137.1ms | ActiveRecord: 0.3ms)


Started GET "/topics" for ::1 at 2015-04-02 12:24:09 +0800
Processing by TopicsController#index as HTML
  [1m[35mTopic Load (0.1ms)[0m  SELECT "topics".* FROM "topics"
  Rendered topics/index.html.erb within layouts/application (3.1ms)
Completed 200 OK in 108ms (Views: 106.5ms | ActiveRecord: 0.1ms)


Started GET "/" for ::1 at 2015-04-02 12:26:22 +0800
Processing by TopicsController#index as HTML
  [1m[36mTopic Load (0.9ms)[0m  [1mSELECT "topics".* FROM "topics"[0m
  Rendered topics/index.html.erb within layouts/application (17.5ms)
Completed 200 OK in 117ms (Views: 104.2ms | ActiveRecord: 1.2ms)


Started GET "/" for ::1 at 2015-04-02 12:27:13 +0800
Processing by TopicsController#index as HTML
  [1m[35mTopic Load (0.8ms)[0m  SELECT "topics".* FROM "topics"
  Rendered topics/index.html.erb within layouts/application (30.7ms)
Completed 200 OK in 253ms (Views: 235.0ms | ActiveRecord: 0.8ms)


Started GET "/" for ::1 at 2015-04-02 12:47:24 +0800
  [1m[36mActiveRecord::SchemaMigration Load (0.7ms)[0m  [1mSELECT "schema_migrations".* FROM "schema_migrations"[0m
Processing by TopicsController#index as HTML
  [1m[35mTopic Load (0.5ms)[0m  SELECT "topics".* FROM "topics"
  Rendered topics/index.html.erb within layouts/application (9.5ms)
Completed 200 OK in 170ms (Views: 149.4ms | ActiveRecord: 0.9ms)


Started GET "/assets/topics-64e62ddc273c2f5847f30d698ca14b67.css?body=1" for ::1 at 2015-04-02 12:47:24 +0800
